<?xml version="1.0" encoding="UTF-8"?>
<testng-results ignored="0" total="1" passed="1" failed="0" skipped="0">
  <reporter-output>
  </reporter-output>
  <suite started-at="2025-02-09T16:37:06 CET" name="UI Tests" finished-at="2025-02-09T16:37:10 CET" duration-ms="4527">
    <groups>
    </groups>
    <test started-at="2025-02-09T16:37:06 CET" name="Sample Tests" finished-at="2025-02-09T16:37:10 CET" duration-ms="4527">
      <class name="tests.LoginTest">
        <test-method is-config="true" signature="setUp(java.lang.String)[pri:0, instance:tests.LoginTest@57bc27f5]" started-at="2025-02-09T16:37:06 CET" name="setUp" finished-at="2025-02-09T16:37:08 CET" duration-ms="1980" status="PASS">
          <params>
            <param index="0">
              <value>
                <![CDATA[chrome]]>
              </value>
            </param>
          </params>
          <reporter-output>
          </reporter-output>
        </test-method> <!-- setUp -->
        <test-method signature="testSuccessfulLogin()[pri:0, instance:tests.LoginTest@57bc27f5]" started-at="2025-02-09T16:37:08 CET" name="testSuccessfulLogin" finished-at="2025-02-09T16:37:10 CET" duration-ms="2420" status="PASS">
          <reporter-output>
          </reporter-output>
        </test-method> <!-- testSuccessfulLogin -->
        <test-method is-config="true" signature="tearDown()[pri:0, instance:tests.LoginTest@57bc27f5]" started-at="2025-02-09T16:37:10 CET" name="tearDown" finished-at="2025-02-09T16:37:10 CET" duration-ms="80" status="PASS">
          <reporter-output>
          </reporter-output>
        </test-method> <!-- tearDown -->
      </class> <!-- tests.LoginTest -->
    </test> <!-- Sample Tests -->
  </suite> <!-- UI Tests -->
</testng-results>
