<?xml version="1.0" encoding="UTF-8"?>
<testng-results ignored="0" total="6" passed="6" failed="0" skipped="0">
  <reporter-output>
  </reporter-output>
  <suite started-at="2025-02-09T23:50:41 CET" name="UI Tests" finished-at="2025-02-09T23:51:00 CET" duration-ms="19509">
    <groups>
    </groups>
    <test started-at="2025-02-09T23:50:41 CET" name="Tests" finished-at="2025-02-09T23:51:00 CET" duration-ms="19509">
      <class name="tests.LoginTest">
        <test-method is-config="true" signature="setUp(java.lang.String)[pri:0, instance:tests.LoginTest@29f7cefd]" started-at="2025-02-09T23:50:54 CET" name="setUp" finished-at="2025-02-09T23:50:55 CET" duration-ms="534" status="PASS">
          <params>
            <param index="0">
              <value>
                <![CDATA[chrome]]>
              </value>
            </param>
          </params>
          <reporter-output>
          </reporter-output>
        </test-method> <!-- setUp -->
        <test-method signature="testSuccessfulLogin()[pri:0, instance:tests.LoginTest@29f7cefd]" started-at="2025-02-09T23:50:55 CET" name="testSuccessfulLogin" finished-at="2025-02-09T23:50:57 CET" duration-ms="2225" status="PASS">
          <reporter-output>
          </reporter-output>
        </test-method> <!-- testSuccessfulLogin -->
        <test-method is-config="true" signature="tearDown()[pri:0, instance:tests.LoginTest@29f7cefd]" started-at="2025-02-09T23:50:57 CET" name="tearDown" finished-at="2025-02-09T23:50:57 CET" duration-ms="90" status="PASS">
          <reporter-output>
          </reporter-output>
        </test-method> <!-- tearDown -->
      </class> <!-- tests.LoginTest -->
      <class name="tests.DownloadTest">
        <test-method is-config="true" signature="setUp(java.lang.String)[pri:0, instance:tests.DownloadTest@6f36c2f0]" started-at="2025-02-09T23:50:44 CET" name="setUp" finished-at="2025-02-09T23:50:44 CET" duration-ms="517" status="PASS">
          <params>
            <param index="0">
              <value>
                <![CDATA[chrome]]>
              </value>
            </param>
          </params>
          <reporter-output>
          </reporter-output>
        </test-method> <!-- setUp -->
        <test-method signature="testDownloadResumePDF()[pri:0, instance:tests.DownloadTest@6f36c2f0]" started-at="2025-02-09T23:50:44 CET" name="testDownloadResumePDF" finished-at="2025-02-09T23:50:46 CET" duration-ms="1838" status="PASS">
          <reporter-output>
          </reporter-output>
        </test-method> <!-- testDownloadResumePDF -->
        <test-method is-config="true" signature="tearDown()[pri:0, instance:tests.DownloadTest@6f36c2f0]" started-at="2025-02-09T23:50:46 CET" name="tearDown" finished-at="2025-02-09T23:50:46 CET" duration-ms="75" status="PASS">
          <reporter-output>
          </reporter-output>
        </test-method> <!-- tearDown -->
      </class> <!-- tests.DownloadTest -->
      <class name="tests.UploadTest">
        <test-method is-config="true" signature="setUp(java.lang.String)[pri:0, instance:tests.UploadTest@700fb871]" started-at="2025-02-09T23:50:57 CET" name="setUp" finished-at="2025-02-09T23:50:58 CET" duration-ms="535" status="PASS">
          <params>
            <param index="0">
              <value>
                <![CDATA[chrome]]>
              </value>
            </param>
          </params>
          <reporter-output>
          </reporter-output>
        </test-method> <!-- setUp -->
        <test-method signature="testUploadKarateLogo()[pri:0, instance:tests.UploadTest@700fb871]" started-at="2025-02-09T23:50:58 CET" name="testUploadKarateLogo" finished-at="2025-02-09T23:51:00 CET" duration-ms="2212" status="PASS">
          <reporter-output>
          </reporter-output>
        </test-method> <!-- testUploadKarateLogo -->
        <test-method is-config="true" signature="tearDown()[pri:0, instance:tests.UploadTest@700fb871]" started-at="2025-02-09T23:51:00 CET" name="tearDown" finished-at="2025-02-09T23:51:00 CET" duration-ms="78" status="PASS">
          <reporter-output>
          </reporter-output>
        </test-method> <!-- tearDown -->
      </class> <!-- tests.UploadTest -->
      <class name="tests.DynamicControlsTest">
        <test-method is-config="true" signature="setUp(java.lang.String)[pri:0, instance:tests.DynamicControlsTest@1224144a]" started-at="2025-02-09T23:50:49 CET" name="setUp" finished-at="2025-02-09T23:50:49 CET" duration-ms="533" status="PASS">
          <params>
            <param index="0">
              <value>
                <![CDATA[chrome]]>
              </value>
            </param>
          </params>
          <reporter-output>
          </reporter-output>
        </test-method> <!-- setUp -->
        <test-method signature="testRemoveCheckbox()[pri:0, instance:tests.DynamicControlsTest@1224144a]" started-at="2025-02-09T23:50:49 CET" name="testRemoveCheckbox" finished-at="2025-02-09T23:50:54 CET" duration-ms="4888" status="PASS">
          <reporter-output>
          </reporter-output>
        </test-method> <!-- testRemoveCheckbox -->
        <test-method is-config="true" signature="tearDown()[pri:0, instance:tests.DynamicControlsTest@1224144a]" started-at="2025-02-09T23:50:54 CET" name="tearDown" finished-at="2025-02-09T23:50:54 CET" duration-ms="78" status="PASS">
          <reporter-output>
          </reporter-output>
        </test-method> <!-- tearDown -->
      </class> <!-- tests.DynamicControlsTest -->
      <class name="tests.CheckboxesTest">
        <test-method is-config="true" signature="setUp(java.lang.String)[pri:0, instance:tests.CheckboxesTest@6e2aa843]" started-at="2025-02-09T23:50:41 CET" name="setUp" finished-at="2025-02-09T23:50:42 CET" duration-ms="1135" status="PASS">
          <params>
            <param index="0">
              <value>
                <![CDATA[chrome]]>
              </value>
            </param>
          </params>
          <reporter-output>
          </reporter-output>
        </test-method> <!-- setUp -->
        <test-method signature="testCheckboxSelection()[pri:0, instance:tests.CheckboxesTest@6e2aa843]" started-at="2025-02-09T23:50:42 CET" name="testCheckboxSelection" finished-at="2025-02-09T23:50:44 CET" duration-ms="2038" status="PASS">
          <reporter-output>
          </reporter-output>
        </test-method> <!-- testCheckboxSelection -->
        <test-method is-config="true" signature="tearDown()[pri:0, instance:tests.CheckboxesTest@6e2aa843]" started-at="2025-02-09T23:50:44 CET" name="tearDown" finished-at="2025-02-09T23:50:44 CET" duration-ms="84" status="PASS">
          <reporter-output>
          </reporter-output>
        </test-method> <!-- tearDown -->
      </class> <!-- tests.CheckboxesTest -->
      <class name="tests.DragAndDropTest">
        <test-method is-config="true" signature="setUp(java.lang.String)[pri:0, instance:tests.DragAndDropTest@f58853c]" started-at="2025-02-09T23:50:46 CET" name="setUp" finished-at="2025-02-09T23:50:47 CET" duration-ms="533" status="PASS">
          <params>
            <param index="0">
              <value>
                <![CDATA[chrome]]>
              </value>
            </param>
          </params>
          <reporter-output>
          </reporter-output>
        </test-method> <!-- setUp -->
        <test-method signature="testDragAndDrop()[pri:0, instance:tests.DragAndDropTest@f58853c]" started-at="2025-02-09T23:50:47 CET" name="testDragAndDrop" finished-at="2025-02-09T23:50:49 CET" duration-ms="1963" status="PASS">
          <reporter-output>
          </reporter-output>
        </test-method> <!-- testDragAndDrop -->
        <test-method is-config="true" signature="tearDown()[pri:0, instance:tests.DragAndDropTest@f58853c]" started-at="2025-02-09T23:50:49 CET" name="tearDown" finished-at="2025-02-09T23:50:49 CET" duration-ms="94" status="PASS">
          <reporter-output>
          </reporter-output>
        </test-method> <!-- tearDown -->
      </class> <!-- tests.DragAndDropTest -->
    </test> <!-- Tests -->
  </suite> <!-- UI Tests -->
</testng-results>
